# JRE version: Java(TM) SE Runtime Environment (8.0_191-b12) (build 1.8.0_191-b12)
# Java VM: Java HotSpot(TM) 64-Bit Server VM (25.191-b12 mixed mode windows-amd64 compressed oops)
Heap:
 PSYoungGen      total 76288K, used 34764K [0x000000076ab00000, 0x0000000770000000, 0x00000007c0000000)
  eden space 65536K, 43% used [0x000000076ab00000,0x000000076c69ae70,0x000000076eb00000)
  from space 10752K, 60% used [0x000000076eb00000,0x000000076f158460,0x000000076f580000)
  to   space 10752K, 0% used [0x000000076f580000,0x000000076f580000,0x0000000770000000)
 ParOldGen       total 73216K, used 7565K [0x00000006c0000000, 0x00000006c4780000, 0x000000076ab00000)
  object space 73216K, 10% used [0x00000006c0000000,0x00000006c07634a8,0x00000006c4780000)
 Metaspace       used 29680K, capacity 30747K, committed 31104K, reserved 1077248K
  class space    used 3614K, capacity 3898K, committed 3968K, reserved 1048576K
GC Heap History (8 events):
Event: 8.249 GC heap before
{Heap before GC invocations=1 (full 0):
 PSYoungGen      total 76288K, used 65536K [0x000000076ab00000, 0x0000000770000000, 0x00000007c0000000)
  eden space 65536K, 100% used [0x000000076ab00000,0x000000076eb00000,0x000000076eb00000)
  from space 10752K, 0% used [0x000000076f580000,0x000000076f580000,0x0000000770000000)
  to   space 10752K, 0% used [0x000000076eb00000,0x000000076eb00000,0x000000076f580000)
 ParOldGen       total 175104K, used 0K [0x00000006c0000000, 0x00000006cab00000, 0x000000076ab00000)
  object space 175104K, 0% used [0x00000006c0000000,0x00000006c0000000,0x00000006cab00000)
 Metaspace       used 15681K, capacity 16194K, committed 16384K, reserved 1062912K
  class space    used 1862K, capacity 1993K, committed 2048K, reserved 1048576K
Event: 8.260 GC heap after
Heap after GC invocations=1 (full 0):
 PSYoungGen      total 76288K, used 9554K [0x000000076ab00000, 0x0000000770000000, 0x00000007c0000000)
  eden space 65536K, 0% used [0x000000076ab00000,0x000000076ab00000,0x000000076eb00000)
  from space 10752K, 88% used [0x000000076eb00000,0x000000076f454b28,0x000000076f580000)
  to   space 10752K, 0% used [0x000000076f580000,0x000000076f580000,0x0000000770000000)
 ParOldGen       total 175104K, used 80K [0x00000006c0000000, 0x00000006cab00000, 0x000000076ab00000)
  object space 175104K, 0% used [0x00000006c0000000,0x00000006c0014010,0x00000006cab00000)
 Metaspace       used 15681K, capacity 16194K, committed 16384K, reserved 1062912K
  class space    used 1862K, capacity 1993K, committed 2048K, reserved 1048576K
}
Event: 12.053 GC heap before
{Heap before GC invocations=2 (full 0):
 PSYoungGen      total 76288K, used 44132K [0x000000076ab00000, 0x0000000770000000, 0x00000007c0000000)
  eden space 65536K, 52% used [0x000000076ab00000,0x000000076ccc4688,0x000000076eb00000)
  from space 10752K, 88% used [0x000000076eb00000,0x000000076f454b28,0x000000076f580000)
  to   space 10752K, 0% used [0x000000076f580000,0x000000076f580000,0x0000000770000000)
 ParOldGen       total 175104K, used 80K [0x00000006c0000000, 0x00000006cab00000, 0x000000076ab00000)
  object space 175104K, 0% used [0x00000006c0000000,0x00000006c0014010,0x00000006cab00000)
 Metaspace       used 20591K, capacity 21261K, committed 21296K, reserved 1069056K
  class space    used 2467K, capacity 2653K, committed 2688K, reserved 1048576K
Event: 12.064 GC heap after
Heap after GC invocations=2 (full 0):
 PSYoungGen      total 76288K, used 7683K [0x000000076ab00000, 0x0000000770000000, 0x00000007c0000000)
  eden space 65536K, 0% used [0x000000076ab00000,0x000000076ab00000,0x000000076eb00000)
  from space 10752K, 71% used [0x000000076f580000,0x000000076fd00f88,0x0000000770000000)
  to   space 10752K, 0% used [0x000000076eb00000,0x000000076eb00000,0x000000076f580000)
 ParOldGen       total 175104K, used 96K [0x00000006c0000000, 0x00000006cab00000, 0x000000076ab00000)
  object space 175104K, 0% used [0x00000006c0000000,0x00000006c0018010,0x00000006cab00000)
 Metaspace       used 20591K, capacity 21261K, committed 21296K, reserved 1069056K
  class space    used 2467K, capacity 2653K, committed 2688K, reserved 1048576K
}
Event: 12.064 GC heap before
{Heap before GC invocations=3 (full 1):
 PSYoungGen      total 76288K, used 7683K [0x000000076ab00000, 0x0000000770000000, 0x00000007c0000000)
  eden space 65536K, 0% used [0x000000076ab00000,0x000000076ab00000,0x000000076eb00000)
  from space 10752K, 71% used [0x000000076f580000,0x000000076fd00f88,0x0000000770000000)
  to   space 10752K, 0% used [0x000000076eb00000,0x000000076eb00000,0x000000076f580000)
 ParOldGen       total 175104K, used 96K [0x00000006c0000000, 0x00000006cab00000, 0x000000076ab00000)
  object space 175104K, 0% used [0x00000006c0000000,0x00000006c0018010,0x00000006cab00000)
 Metaspace       used 20591K, capacity 21261K, committed 21296K, reserved 1069056K
  class space    used 2467K, capacity 2653K, committed 2688K, reserved 1048576K
Event: 12.104 GC heap after
Heap after GC invocations=3 (full 1):
 PSYoungGen      total 76288K, used 0K [0x000000076ab00000, 0x0000000770000000, 0x00000007c0000000)
  eden space 65536K, 0% used [0x000000076ab00000,0x000000076ab00000,0x000000076eb00000)
  from space 10752K, 0% used [0x000000076f580000,0x000000076f580000,0x0000000770000000)
  to   space 10752K, 0% used [0x000000076eb00000,0x000000076eb00000,0x000000076f580000)
 ParOldGen       total 73216K, used 7557K [0x00000006c0000000, 0x00000006c4780000, 0x000000076ab00000)
  object space 73216K, 10% used [0x00000006c0000000,0x00000006c07614a8,0x00000006c4780000)
 Metaspace       used 20591K, capacity 21261K, committed 21296K, reserved 1069056K
  class space    used 2467K, capacity 2653K, committed 2688K, reserved 1048576K
}
Event: 26.311 GC heap before
{Heap before GC invocations=4 (full 1):
 PSYoungGen      total 76288K, used 65536K [0x000000076ab00000, 0x0000000770000000, 0x00000007c0000000)
  eden space 65536K, 100% used [0x000000076ab00000,0x000000076eb00000,0x000000076eb00000)
  from space 10752K, 0% used [0x000000076f580000,0x000000076f580000,0x0000000770000000)
  to   space 10752K, 0% used [0x000000076eb00000,0x000000076eb00000,0x000000076f580000)
 ParOldGen       total 73216K, used 7557K [0x00000006c0000000, 0x00000006c4780000, 0x000000076ab00000)
  object space 73216K, 10% used [0x00000006c0000000,0x00000006c07614a8,0x00000006c4780000)
 Metaspace       used 26856K, capacity 27891K, committed 28160K, reserved 1073152K
  class space    used 3258K, capacity 3544K, committed 3584K, reserved 1048576K
Event: 26.316 GC heap after
Heap after GC invocations=4 (full 1):
 PSYoungGen      total 76288K, used 6497K [0x000000076ab00000, 0x0000000770000000, 0x00000007c0000000)
  eden space 65536K, 0% used [0x000000076ab00000,0x000000076ab00000,0x000000076eb00000)
  from space 10752K, 60% used [0x000000076eb00000,0x000000076f158460,0x000000076f580000)
  to   space 10752K, 0% used [0x000000076f580000,0x000000076f580000,0x0000000770000000)
 ParOldGen       total 73216K, used 7565K [0x00000006c0000000, 0x00000006c4780000, 0x000000076ab00000)
  object space 73216K, 10% used [0x00000006c0000000,0x00000006c07634a8,0x00000006c4780000)
 Metaspace       used 26856K, capacity 27891K, committed 28160K, reserved 1073152K
  class space    used 3258K, capacity 3544K, committed 3584K, reserved 1048576K
}

