# JRE version: Java(TM) SE Runtime Environment (8.0_191-b12) (build 1.8.0_191-b12)
# Java VM: Java HotSpot(TM) 64-Bit Server VM (25.191-b12 mixed mode windows-amd64 compressed oops)
Heap:
 PSYoungGen      total 76288K, used 0K [0x000000076ab00000, 0x0000000770000000, 0x00000007c0000000)
  eden space 65536K, 0% used [0x000000076ab00000,0x000000076ab00000,0x000000076eb00000)
  from space 10752K, 0% used [0x000000076f580000,0x000000076f580000,0x0000000770000000)
  to   space 10752K, 0% used [0x000000076eb00000,0x000000076eb00000,0x000000076f580000)
 ParOldGen       total 73728K, used 12316K [0x00000006c0000000, 0x00000006c4800000, 0x000000076ab00000)
  object space 73728K, 16% used [0x00000006c0000000,0x00000006c0c07388,0x00000006c4800000)
 Metaspace       used 32726K, capacity 33794K, committed 34048K, reserved 1081344K
  class space    used 4024K, capacity 4291K, committed 4352K, reserved 1048576K
GC Heap History (10 events):
Event: 14.369 GC heap before
{Heap before GC invocations=2 (full 0):
 PSYoungGen      total 76288K, used 46192K [0x000000076ab00000, 0x0000000770000000, 0x00000007c0000000)
  eden space 65536K, 56% used [0x000000076ab00000,0x000000076cedb838,0x000000076eb00000)
  from space 10752K, 88% used [0x000000076eb00000,0x000000076f440a10,0x000000076f580000)
  to   space 10752K, 0% used [0x000000076f580000,0x000000076f580000,0x0000000770000000)
 ParOldGen       total 175104K, used 80K [0x00000006c0000000, 0x00000006cab00000, 0x000000076ab00000)
  object space 175104K, 0% used [0x00000006c0000000,0x00000006c0014010,0x00000006cab00000)
 Metaspace       used 20677K, capacity 21200K, committed 21296K, reserved 1069056K
  class space    used 2466K, capacity 2650K, committed 2688K, reserved 1048576K
Event: 14.382 GC heap after
Heap after GC invocations=2 (full 0):
 PSYoungGen      total 76288K, used 7869K [0x000000076ab00000, 0x0000000770000000, 0x00000007c0000000)
  eden space 65536K, 0% used [0x000000076ab00000,0x000000076ab00000,0x000000076eb00000)
  from space 10752K, 73% used [0x000000076f580000,0x000000076fd2f7d0,0x0000000770000000)
  to   space 10752K, 0% used [0x000000076eb00000,0x000000076eb00000,0x000000076f580000)
 ParOldGen       total 175104K, used 96K [0x00000006c0000000, 0x00000006cab00000, 0x000000076ab00000)
  object space 175104K, 0% used [0x00000006c0000000,0x00000006c0018010,0x00000006cab00000)
 Metaspace       used 20677K, capacity 21200K, committed 21296K, reserved 1069056K
  class space    used 2466K, capacity 2650K, committed 2688K, reserved 1048576K
}
Event: 14.382 GC heap before
{Heap before GC invocations=3 (full 1):
 PSYoungGen      total 76288K, used 7869K [0x000000076ab00000, 0x0000000770000000, 0x00000007c0000000)
  eden space 65536K, 0% used [0x000000076ab00000,0x000000076ab00000,0x000000076eb00000)
  from space 10752K, 73% used [0x000000076f580000,0x000000076fd2f7d0,0x0000000770000000)
  to   space 10752K, 0% used [0x000000076eb00000,0x000000076eb00000,0x000000076f580000)
 ParOldGen       total 175104K, used 96K [0x00000006c0000000, 0x00000006cab00000, 0x000000076ab00000)
  object space 175104K, 0% used [0x00000006c0000000,0x00000006c0018010,0x00000006cab00000)
 Metaspace       used 20677K, capacity 21200K, committed 21296K, reserved 1069056K
  class space    used 2466K, capacity 2650K, committed 2688K, reserved 1048576K
Event: 14.432 GC heap after
Heap after GC invocations=3 (full 1):
 PSYoungGen      total 76288K, used 0K [0x000000076ab00000, 0x0000000770000000, 0x00000007c0000000)
  eden space 65536K, 0% used [0x000000076ab00000,0x000000076ab00000,0x000000076eb00000)
  from space 10752K, 0% used [0x000000076f580000,0x000000076f580000,0x0000000770000000)
  to   space 10752K, 0% used [0x000000076eb00000,0x000000076eb00000,0x000000076f580000)
 ParOldGen       total 73728K, used 7709K [0x00000006c0000000, 0x00000006c4800000, 0x000000076ab00000)
  object space 73728K, 10% used [0x00000006c0000000,0x00000006c07876b8,0x00000006c4800000)
 Metaspace       used 20677K, capacity 21200K, committed 21296K, reserved 1069056K
  class space    used 2466K, capacity 2650K, committed 2688K, reserved 1048576K
}
Event: 29.661 GC heap before
{Heap before GC invocations=4 (full 1):
 PSYoungGen      total 76288K, used 65536K [0x000000076ab00000, 0x0000000770000000, 0x00000007c0000000)
  eden space 65536K, 100% used [0x000000076ab00000,0x000000076eb00000,0x000000076eb00000)
  from space 10752K, 0% used [0x000000076f580000,0x000000076f580000,0x0000000770000000)
  to   space 10752K, 0% used [0x000000076eb00000,0x000000076eb00000,0x000000076f580000)
 ParOldGen       total 73728K, used 7709K [0x00000006c0000000, 0x00000006c4800000, 0x000000076ab00000)
  object space 73728K, 10% used [0x00000006c0000000,0x00000006c07876b8,0x00000006c4800000)
 Metaspace       used 26917K, capacity 27966K, committed 28160K, reserved 1073152K
  class space    used 3264K, capacity 3545K, committed 3584K, reserved 1048576K
Event: 29.666 GC heap after
Heap after GC invocations=4 (full 1):
 PSYoungGen      total 76288K, used 6383K [0x000000076ab00000, 0x0000000770000000, 0x00000007c0000000)
  eden space 65536K, 0% used [0x000000076ab00000,0x000000076ab00000,0x000000076eb00000)
  from space 10752K, 59% used [0x000000076eb00000,0x000000076f13bf80,0x000000076f580000)
  to   space 10752K, 0% used [0x000000076f580000,0x000000076f580000,0x0000000770000000)
 ParOldGen       total 73728K, used 7717K [0x00000006c0000000, 0x00000006c4800000, 0x000000076ab00000)
  object space 73728K, 10% used [0x00000006c0000000,0x00000006c07896b8,0x00000006c4800000)
 Metaspace       used 26917K, capacity 27966K, committed 28160K, reserved 1073152K
  class space    used 3264K, capacity 3545K, committed 3584K, reserved 1048576K
}
Event: 51.136 GC heap before
{Heap before GC invocations=5 (full 1):
 PSYoungGen      total 76288K, used 70908K [0x000000076ab00000, 0x0000000770000000, 0x00000007c0000000)
  eden space 65536K, 98% used [0x000000076ab00000,0x000000076ea03208,0x000000076eb00000)
  from space 10752K, 59% used [0x000000076eb00000,0x000000076f13bf80,0x000000076f580000)
  to   space 10752K, 0% used [0x000000076f580000,0x000000076f580000,0x0000000770000000)
 ParOldGen       total 73728K, used 7717K [0x00000006c0000000, 0x00000006c4800000, 0x000000076ab00000)
  object space 73728K, 10% used [0x00000006c0000000,0x00000006c07896b8,0x00000006c4800000)
 Metaspace       used 32724K, capacity 33794K, committed 34048K, reserved 1083392K
  class space    used 4024K, capacity 4291K, committed 4352K, reserved 1048576K
Event: 51.143 GC heap after
Heap after GC invocations=5 (full 1):
 PSYoungGen      total 76288K, used 7301K [0x000000076ab00000, 0x0000000770000000, 0x00000007c0000000)
  eden space 65536K, 0% used [0x000000076ab00000,0x000000076ab00000,0x000000076eb00000)
  from space 10752K, 67% used [0x000000076f580000,0x000000076fca1630,0x0000000770000000)
  to   space 10752K, 0% used [0x000000076eb00000,0x000000076eb00000,0x000000076f580000)
 ParOldGen       total 73728K, used 7717K [0x00000006c0000000, 0x00000006c4800000, 0x000000076ab00000)
  object space 73728K, 10% used [0x00000006c0000000,0x00000006c07896b8,0x00000006c4800000)
 Metaspace       used 32724K, capacity 33794K, committed 34048K, reserved 1083392K
  class space    used 4024K, capacity 4291K, committed 4352K, reserved 1048576K
}
Event: 51.143 GC heap before
{Heap before GC invocations=6 (full 2):
 PSYoungGen      total 76288K, used 7301K [0x000000076ab00000, 0x0000000770000000, 0x00000007c0000000)
  eden space 65536K, 0% used [0x000000076ab00000,0x000000076ab00000,0x000000076eb00000)
  from space 10752K, 67% used [0x000000076f580000,0x000000076fca1630,0x0000000770000000)
  to   space 10752K, 0% used [0x000000076eb00000,0x000000076eb00000,0x000000076f580000)
 ParOldGen       total 73728K, used 7717K [0x00000006c0000000, 0x00000006c4800000, 0x000000076ab00000)
  object space 73728K, 10% used [0x00000006c0000000,0x00000006c07896b8,0x00000006c4800000)
 Metaspace       used 32724K, capacity 33794K, committed 34048K, reserved 1083392K
  class space    used 4024K, capacity 4291K, committed 4352K, reserved 1048576K
Event: 51.190 GC heap after
Heap after GC invocations=6 (full 2):
 PSYoungGen      total 76288K, used 0K [0x000000076ab00000, 0x0000000770000000, 0x00000007c0000000)
  eden space 65536K, 0% used [0x000000076ab00000,0x000000076ab00000,0x000000076eb00000)
  from space 10752K, 0% used [0x000000076f580000,0x000000076f580000,0x0000000770000000)
  to   space 10752K, 0% used [0x000000076eb00000,0x000000076eb00000,0x000000076f580000)
 ParOldGen       total 73728K, used 12316K [0x00000006c0000000, 0x00000006c4800000, 0x000000076ab00000)
  object space 73728K, 16% used [0x00000006c0000000,0x00000006c0c07388,0x00000006c4800000)
 Metaspace       used 32724K, capacity 33794K, committed 34048K, reserved 1081344K
  class space    used 4024K, capacity 4291K, committed 4352K, reserved 1048576K
}

