# JRE version: Java(TM) SE Runtime Environment (8.0_191-b12) (build 1.8.0_191-b12)
# Java VM: Java HotSpot(TM) 64-Bit Server VM (25.191-b12 mixed mode windows-amd64 compressed oops)
Heap:
 PSYoungGen      total 48128K, used 15544K [0x000000076ab00000, 0x000000076dd00000, 0x00000007c0000000)
  eden space 46080K, 29% used [0x000000076ab00000,0x000000076b8781b8,0x000000076d800000)
  from space 2048K, 85% used [0x000000076db00000,0x000000076dcb5fa8,0x000000076dd00000)
  to   space 2560K, 0% used [0x000000076d800000,0x000000076d800000,0x000000076da80000)
 ParOldGen       total 73728K, used 10975K [0x00000006c0000000, 0x00000006c4800000, 0x000000076ab00000)
  object space 73728K, 14% used [0x00000006c0000000,0x00000006c0ab7cb0,0x00000006c4800000)
 Metaspace       used 38699K, capacity 39936K, committed 40064K, reserved 1085440K
  class space    used 4602K, capacity 4906K, committed 4992K, reserved 1048576K
GC Heap History (10 events):
Event: 630.300 GC heap before
{Heap before GC invocations=82 (full 2):
 PSYoungGen      total 40960K, used 40680K [0x000000076ab00000, 0x000000076d780000, 0x00000007c0000000)
  eden space 40448K, 99% used [0x000000076ab00000,0x000000076d276ce8,0x000000076d280000)
  from space 512K, 52% used [0x000000076d300000,0x000000076d3435e8,0x000000076d380000)
  to   space 2560K, 0% used [0x000000076d500000,0x000000076d500000,0x000000076d780000)
 ParOldGen       total 73728K, used 10927K [0x00000006c0000000, 0x00000006c4800000, 0x000000076ab00000)
  object space 73728K, 14% used [0x00000006c0000000,0x00000006c0aabcb0,0x00000006c4800000)
 Metaspace       used 38687K, capacity 39936K, committed 40064K, reserved 1085440K
  class space    used 4601K, capacity 4906K, committed 4992K, reserved 1048576K
Event: 630.302 GC heap after
Heap after GC invocations=82 (full 2):
 PSYoungGen      total 41984K, used 407K [0x000000076ab00000, 0x000000076d700000, 0x00000007c0000000)
  eden space 39936K, 0% used [0x000000076ab00000,0x000000076ab00000,0x000000076d200000)
  from space 2048K, 19% used [0x000000076d500000,0x000000076d565f20,0x000000076d700000)
  to   space 2560K, 0% used [0x000000076d200000,0x000000076d200000,0x000000076d480000)
 ParOldGen       total 73728K, used 10935K [0x00000006c0000000, 0x00000006c4800000, 0x000000076ab00000)
  object space 73728K, 14% used [0x00000006c0000000,0x00000006c0aadcb0,0x00000006c4800000)
 Metaspace       used 38687K, capacity 39936K, committed 40064K, reserved 1085440K
  class space    used 4601K, capacity 4906K, committed 4992K, reserved 1048576K
}
Event: 674.105 GC heap before
{Heap before GC invocations=83 (full 2):
 PSYoungGen      total 41984K, used 40343K [0x000000076ab00000, 0x000000076d700000, 0x00000007c0000000)
  eden space 39936K, 100% used [0x000000076ab00000,0x000000076d200000,0x000000076d200000)
  from space 2048K, 19% used [0x000000076d500000,0x000000076d565f20,0x000000076d700000)
  to   space 2560K, 0% used [0x000000076d200000,0x000000076d200000,0x000000076d480000)
 ParOldGen       total 73728K, used 10935K [0x00000006c0000000, 0x00000006c4800000, 0x000000076ab00000)
  object space 73728K, 14% used [0x00000006c0000000,0x00000006c0aadcb0,0x00000006c4800000)
 Metaspace       used 38691K, capacity 39936K, committed 40064K, reserved 1085440K
  class space    used 4602K, capacity 4906K, committed 4992K, reserved 1048576K
Event: 674.107 GC heap after
Heap after GC invocations=83 (full 2):
 PSYoungGen      total 41472K, used 1764K [0x000000076ab00000, 0x000000076d680000, 0x00000007c0000000)
  eden space 39424K, 0% used [0x000000076ab00000,0x000000076ab00000,0x000000076d180000)
  from space 2048K, 86% used [0x000000076d200000,0x000000076d3b9300,0x000000076d400000)
  to   space 2560K, 0% used [0x000000076d400000,0x000000076d400000,0x000000076d680000)
 ParOldGen       total 73728K, used 10943K [0x00000006c0000000, 0x00000006c4800000, 0x000000076ab00000)
  object space 73728K, 14% used [0x00000006c0000000,0x00000006c0aafcb0,0x00000006c4800000)
 Metaspace       used 38691K, capacity 39936K, committed 40064K, reserved 1085440K
  class space    used 4602K, capacity 4906K, committed 4992K, reserved 1048576K
}
Event: 674.156 GC heap before
{Heap before GC invocations=84 (full 2):
 PSYoungGen      total 41472K, used 41188K [0x000000076ab00000, 0x000000076d680000, 0x00000007c0000000)
  eden space 39424K, 100% used [0x000000076ab00000,0x000000076d180000,0x000000076d180000)
  from space 2048K, 86% used [0x000000076d200000,0x000000076d3b9300,0x000000076d400000)
  to   space 2560K, 0% used [0x000000076d400000,0x000000076d400000,0x000000076d680000)
 ParOldGen       total 73728K, used 10943K [0x00000006c0000000, 0x00000006c4800000, 0x000000076ab00000)
  object space 73728K, 14% used [0x00000006c0000000,0x00000006c0aafcb0,0x00000006c4800000)
 Metaspace       used 38691K, capacity 39936K, committed 40064K, reserved 1085440K
  class space    used 4602K, capacity 4906K, committed 4992K, reserved 1048576K
Event: 674.160 GC heap after
Heap after GC invocations=84 (full 2):
 PSYoungGen      total 41984K, used 1217K [0x000000076ab00000, 0x000000076de00000, 0x00000007c0000000)
  eden space 39424K, 0% used [0x000000076ab00000,0x000000076ab00000,0x000000076d180000)
  from space 2560K, 47% used [0x000000076d400000,0x000000076d530420,0x000000076d680000)
  to   space 2560K, 0% used [0x000000076d180000,0x000000076d180000,0x000000076d400000)
 ParOldGen       total 73728K, used 10951K [0x00000006c0000000, 0x00000006c4800000, 0x000000076ab00000)
  object space 73728K, 14% used [0x00000006c0000000,0x00000006c0ab1cb0,0x00000006c4800000)
 Metaspace       used 38691K, capacity 39936K, committed 40064K, reserved 1085440K
  class space    used 4602K, capacity 4906K, committed 4992K, reserved 1048576K
}
Event: 684.770 GC heap before
{Heap before GC invocations=85 (full 2):
 PSYoungGen      total 41984K, used 40641K [0x000000076ab00000, 0x000000076de00000, 0x00000007c0000000)
  eden space 39424K, 100% used [0x000000076ab00000,0x000000076d180000,0x000000076d180000)
  from space 2560K, 47% used [0x000000076d400000,0x000000076d530420,0x000000076d680000)
  to   space 2560K, 0% used [0x000000076d180000,0x000000076d180000,0x000000076d400000)
 ParOldGen       total 73728K, used 10951K [0x00000006c0000000, 0x00000006c4800000, 0x000000076ab00000)
  object space 73728K, 14% used [0x00000006c0000000,0x00000006c0ab1cb0,0x00000006c4800000)
 Metaspace       used 38692K, capacity 39936K, committed 40064K, reserved 1085440K
  class space    used 4602K, capacity 4906K, committed 4992K, reserved 1048576K
Event: 684.773 GC heap after
Heap after GC invocations=85 (full 2):
 PSYoungGen      total 41984K, used 1612K [0x000000076ab00000, 0x000000076dd80000, 0x00000007c0000000)
  eden space 39424K, 0% used [0x000000076ab00000,0x000000076ab00000,0x000000076d180000)
  from space 2560K, 62% used [0x000000076d180000,0x000000076d313008,0x000000076d400000)
  to   space 2560K, 0% used [0x000000076db00000,0x000000076db00000,0x000000076dd80000)
 ParOldGen       total 73728K, used 10959K [0x00000006c0000000, 0x00000006c4800000, 0x000000076ab00000)
  object space 73728K, 14% used [0x00000006c0000000,0x00000006c0ab3cb0,0x00000006c4800000)
 Metaspace       used 38692K, capacity 39936K, committed 40064K, reserved 1085440K
  class space    used 4602K, capacity 4906K, committed 4992K, reserved 1048576K
}
Event: 698.041 GC heap before
{Heap before GC invocations=86 (full 2):
 PSYoungGen      total 41984K, used 41036K [0x000000076ab00000, 0x000000076dd80000, 0x00000007c0000000)
  eden space 39424K, 100% used [0x000000076ab00000,0x000000076d180000,0x000000076d180000)
  from space 2560K, 62% used [0x000000076d180000,0x000000076d313008,0x000000076d400000)
  to   space 2560K, 0% used [0x000000076db00000,0x000000076db00000,0x000000076dd80000)
 ParOldGen       total 73728K, used 10959K [0x00000006c0000000, 0x00000006c4800000, 0x000000076ab00000)
  object space 73728K, 14% used [0x00000006c0000000,0x00000006c0ab3cb0,0x00000006c4800000)
 Metaspace       used 38699K, capacity 39936K, committed 40064K, reserved 1085440K
  class space    used 4602K, capacity 4906K, committed 4992K, reserved 1048576K
Event: 698.044 GC heap after
Heap after GC invocations=86 (full 2):
 PSYoungGen      total 48128K, used 1751K [0x000000076ab00000, 0x000000076dd00000, 0x00000007c0000000)
  eden space 46080K, 0% used [0x000000076ab00000,0x000000076ab00000,0x000000076d800000)
  from space 2048K, 85% used [0x000000076db00000,0x000000076dcb5fa8,0x000000076dd00000)
  to   space 2560K, 0% used [0x000000076d800000,0x000000076d800000,0x000000076da80000)
 ParOldGen       total 73728K, used 10975K [0x00000006c0000000, 0x00000006c4800000, 0x000000076ab00000)
  object space 73728K, 14% used [0x00000006c0000000,0x00000006c0ab7cb0,0x00000006c4800000)
 Metaspace       used 38699K, capacity 39936K, committed 40064K, reserved 1085440K
  class space    used 4602K, capacity 4906K, committed 4992K, reserved 1048576K
}

