<?xml version="1.0" encoding="UTF-8"?>
<testsuite xmlns:xsi="http://www.w3.org/2001/XMLSchema-instance" xsi:noNamespaceSchemaLocation="https://maven.apache.org/surefire/maven-surefire-plugin/xsd/surefire-test-report-3.0.xsd" version="3.0" name="testscripts.Israel" time="1,715.274" tests="8" errors="0" skipped="0" failures="7">
  <properties>
[...]
</properties>
  <testcase name="HomePage_PreLogin_Desktop[com.cognizant.framework.selenium.SeleniumTestParameters@1b204a1](1)" classname="testscripts.Israel" time="129.746">
    <failure message="Applitools Validation" type="java.lang.AssertionError"><![CDATA[java.lang.AssertionError: Applitools Validation
	at testscripts.Israel.HomePage_PreLogin_Desktop(Israel.java:42)
]]></failure>
    <system-out><![CDATA[Configuring TestNG with: TestNG60Configurator
Bumblebee: Parsing file: P:\DX\bumblebee_config.xml
Bumblebee: Bumblebee configuration: Bumblebee Configuration [Bumblebee URL=http://fcloadctrprdn02.na.gilead.com:8080/bumblebee, ALM URL=http://sjetmapptstg01:8080/qcbin, ALM user=test, ALM domain=TEST, ALM project=EApprove_UAT, async update=false, take screenshot=true, enabled=true, remote test tool config=null, properties={}]
Bumblebee: Parsing file: P:\DX\bumblebee_config.xml
eyes | 2023-06-09 14:39:33.594 | [info] | Logs saved in: C:\Users\local_ssenthil1\Temp\1\applitools-logs
]]></system-out>
  </testcase>
  <testcase name="HomePage_PostLogin_Desktop[com.cognizant.framework.selenium.SeleniumTestParameters@3f50e3](1)" classname="testscripts.Israel" time="304.906">
    <failure message="Applitools Validation" type="java.lang.AssertionError"><![CDATA[java.lang.AssertionError: Applitools Validation
	at testscripts.Israel.HomePage_PostLogin_Desktop(Israel.java:51)
]]></failure>
  </testcase>
  <testcase name="Therapy_Oncology[com.cognizant.framework.selenium.SeleniumTestParameters@11e5514](1)" classname="testscripts.Israel" time="124.212">
    <failure message="Verify Navigation List Exist ; Error" type="java.lang.AssertionError"><![CDATA[java.lang.AssertionError: Verify Navigation List Exist ; Error
	at testscripts.Israel.Therapy_Oncology(Israel.java:60)
]]></failure>
  </testcase>
  <testcase name="ContentLibrary_Desktop[com.cognizant.framework.selenium.SeleniumTestParameters@90ba07](1)" classname="testscripts.Israel" time="127.839">
    <failure message="Applitools Validation" type="java.lang.AssertionError"><![CDATA[java.lang.AssertionError: Applitools Validation
	at testscripts.Israel.ContentLibrary_Desktop(Israel.java:69)
]]></failure>
  </testcase>
  <testcase name="EventsLandingPage_Validation[com.cognizant.framework.selenium.SeleniumTestParameters@1e0c179](1)" classname="testscripts.Israel" time="60.559">
    <failure message="Applitools Validation" type="java.lang.AssertionError"><![CDATA[java.lang.AssertionError: Applitools Validation
	at testscripts.Israel.EventsLandingPage_Validation(Israel.java:78)
]]></failure>
  </testcase>
  <testcase name="Trodelvy_Desktop[com.cognizant.framework.selenium.SeleniumTestParameters@1920fb0](1)" classname="testscripts.Israel" time="465.174">
    <failure message="Verify Navigation List Exist ; Applitools Validation" type="java.lang.AssertionError"><![CDATA[java.lang.AssertionError: Verify Navigation List Exist ; Applitools Validation
	at testscripts.Israel.Trodelvy_Desktop(Israel.java:88)
]]></failure>
  </testcase>
  <testcase name="CIAM_Registration_Field_Validation[com.cognizant.framework.selenium.SeleniumTestParameters@dd0fd7](1)" classname="testscripts.Israel" time="363.899"/>
  <testcase name="CIAM_Login_SelfServiceFuctionality_Validation[com.cognizant.framework.selenium.SeleniumTestParameters@51180d](1)" classname="testscripts.Israel" time="123.902">
    <failure message="Error" type="java.lang.AssertionError"><![CDATA[java.lang.AssertionError: Error
	at testscripts.Israel.CIAM_Login_SelfServiceFuctionality_Validation(Israel.java:106)
]]></failure>
  </testcase>
</testsuite>